[ 2017-10-04T00:01:06+08:00 ] ::1 /homeworks/index.php/Home/Index/index.html
INFO: [ app_init ] --START--
INFO: Run Behavior\BuildLiteBehavior [ RunTime:0.000000s ]
INFO: [ app_init ] --END-- [ RunTime:0.002000s ]
INFO: [ app_begin ] --START--
INFO: Run Behavior\ReadHtmlCacheBehavior [ RunTime:0.002000s ]
INFO: [ app_begin ] --END-- [ RunTime:0.004000s ]
NOTIC: [2048] Declaration of Home\Model\UsersModel::check() should be compatible with Think\Model::check($value, $rule, $type = 'regex') D:\LAMP\Apache24\htdocs\homeworks\Application\Home\Model\UsersModel.class.php 第 5 行.
SQL: SHOW COLUMNS FROM `users` [ RunTime:0.0150s ]
SQL: SHOW COLUMNS FROM `passwords` [ RunTime:0.0110s ]
SQL: SELECT COUNT(*) AS tp_count FROM `passwords` WHERE `uid` = 1 LIMIT 1   [ RunTime:0.0010s ]
SQL: SHOW COLUMNS FROM `types` [ RunTime:0.0130s ]
SQL: SELECT * FROM `types`  [ RunTime:0.0010s ]
INFO: [ view_parse ] --START--
INFO: [ template_filter ] --START--
INFO: Run Behavior\ContentReplaceBehavior [ RunTime:0.000000s ]
INFO: [ template_filter ] --END-- [ RunTime:0.000000s ]
INFO: Run Behavior\ParseTemplateBehavior [ RunTime:0.030001s ]
INFO: [ view_parse ] --END-- [ RunTime:0.030001s ]
INFO: [ view_filter ] --START--
INFO: Run Behavior\WriteHtmlCacheBehavior [ RunTime:0.002001s ]
INFO: [ view_filter ] --END-- [ RunTime:0.002001s ]
INFO: [ app_end ] --START--
INFO: Run Behavior\ShowPageTraceBehavior [ RunTime:0.003000s ]
INFO: [ app_end ] --END-- [ RunTime:0.003000s ]

[ 2017-10-04T00:01:06+08:00 ] ::1 /homeworks/index.php/Home/Index/hello.html
INFO: [ app_init ] --START--
INFO: Run Behavior\BuildLiteBehavior [ RunTime:0.000000s ]
INFO: [ app_init ] --END-- [ RunTime:0.002000s ]
INFO: [ app_begin ] --START--
INFO: Run Behavior\ReadHtmlCacheBehavior [ RunTime:0.002001s ]
INFO: [ app_begin ] --END-- [ RunTime:0.003001s ]
NOTIC: [2048] Declaration of Home\Model\UsersModel::check() should be compatible with Think\Model::check($value, $rule, $type = 'regex') D:\LAMP\Apache24\htdocs\homeworks\Application\Home\Model\UsersModel.class.php 第 5 行.
SQL: SHOW COLUMNS FROM `users` [ RunTime:0.0160s ]
SQL: SHOW COLUMNS FROM `passwords` [ RunTime:0.0160s ]
SQL: SELECT COUNT(*) AS tp_count FROM `passwords` WHERE `uid` = 1 LIMIT 1   [ RunTime:0.0020s ]
INFO: [ view_parse ] --START--
INFO: [ template_filter ] --START--
INFO: Run Behavior\ContentReplaceBehavior [ RunTime:0.000000s ]
INFO: [ template_filter ] --END-- [ RunTime:0.001000s ]
INFO: Run Behavior\ParseTemplateBehavior [ RunTime:0.026001s ]
INFO: [ view_parse ] --END-- [ RunTime:0.027001s ]
INFO: [ view_filter ] --START--
INFO: Run Behavior\WriteHtmlCacheBehavior [ RunTime:0.002000s ]
INFO: [ view_filter ] --END-- [ RunTime:0.002000s ]
INFO: [ app_end ] --START--
INFO: Run Behavior\ShowPageTraceBehavior [ RunTime:0.003000s ]
INFO: [ app_end ] --END-- [ RunTime:0.003000s ]

[ 2017-10-04T00:01:23+08:00 ] ::1 /homeworks/index.php/Home/Index/index.html
INFO: [ app_init ] --START--
INFO: Run Behavior\BuildLiteBehavior [ RunTime:0.000000s ]
INFO: [ app_init ] --END-- [ RunTime:0.001000s ]
INFO: [ app_begin ] --START--
INFO: Run Behavior\ReadHtmlCacheBehavior [ RunTime:0.002000s ]
INFO: [ app_begin ] --END-- [ RunTime:0.002000s ]
NOTIC: [2048] Declaration of Home\Model\UsersModel::check() should be compatible with Think\Model::check($value, $rule, $type = 'regex') D:\LAMP\Apache24\htdocs\homeworks\Application\Home\Model\UsersModel.class.php 第 5 行.
SQL: SHOW COLUMNS FROM `users` [ RunTime:0.0170s ]
SQL: SHOW COLUMNS FROM `passwords` [ RunTime:0.0130s ]
SQL: SELECT COUNT(*) AS tp_count FROM `passwords` WHERE `uid` = 1 LIMIT 1   [ RunTime:0.0010s ]
SQL: SHOW COLUMNS FROM `types` [ RunTime:0.0130s ]
SQL: SELECT * FROM `types`  [ RunTime:0.0000s ]
INFO: [ view_parse ] --START--
INFO: [ template_filter ] --START--
INFO: Run Behavior\ContentReplaceBehavior [ RunTime:0.000000s ]
INFO: [ template_filter ] --END-- [ RunTime:0.000000s ]
INFO: Run Behavior\ParseTemplateBehavior [ RunTime:0.028002s ]
INFO: [ view_parse ] --END-- [ RunTime:0.028002s ]
INFO: [ view_filter ] --START--
INFO: Run Behavior\WriteHtmlCacheBehavior [ RunTime:0.001000s ]
INFO: [ view_filter ] --END-- [ RunTime:0.001000s ]
INFO: [ app_end ] --START--
INFO: Run Behavior\ShowPageTraceBehavior [ RunTime:0.002000s ]
INFO: [ app_end ] --END-- [ RunTime:0.002000s ]

[ 2017-10-04T00:01:23+08:00 ] ::1 /homeworks/index.php/Home/Index/hello.html
INFO: [ app_init ] --START--
INFO: Run Behavior\BuildLiteBehavior [ RunTime:0.000000s ]
INFO: [ app_init ] --END-- [ RunTime:0.002001s ]
INFO: [ app_begin ] --START--
INFO: Run Behavior\ReadHtmlCacheBehavior [ RunTime:0.004000s ]
INFO: [ app_begin ] --END-- [ RunTime:0.004000s ]
NOTIC: [2048] Declaration of Home\Model\UsersModel::check() should be compatible with Think\Model::check($value, $rule, $type = 'regex') D:\LAMP\Apache24\htdocs\homeworks\Application\Home\Model\UsersModel.class.php 第 5 行.
SQL: SHOW COLUMNS FROM `users` [ RunTime:0.0190s ]
SQL: SHOW COLUMNS FROM `passwords` [ RunTime:0.0150s ]
SQL: SELECT COUNT(*) AS tp_count FROM `passwords` WHERE `uid` = 1 LIMIT 1   [ RunTime:0.0010s ]
INFO: [ view_parse ] --START--
INFO: [ template_filter ] --START--
INFO: Run Behavior\ContentReplaceBehavior [ RunTime:0.000000s ]
INFO: [ template_filter ] --END-- [ RunTime:0.001000s ]
INFO: Run Behavior\ParseTemplateBehavior [ RunTime:0.027001s ]
INFO: [ view_parse ] --END-- [ RunTime:0.028001s ]
INFO: [ view_filter ] --START--
INFO: Run Behavior\WriteHtmlCacheBehavior [ RunTime:0.002000s ]
INFO: [ view_filter ] --END-- [ RunTime:0.002000s ]
INFO: [ app_end ] --START--
INFO: Run Behavior\ShowPageTraceBehavior [ RunTime:0.003000s ]
INFO: [ app_end ] --END-- [ RunTime:0.003000s ]

[ 2017-10-04T00:01:37+08:00 ] ::1 /homeworks/index.php/Home/Index/index.html
INFO: [ app_init ] --START--
INFO: Run Behavior\BuildLiteBehavior [ RunTime:0.000000s ]
INFO: [ app_init ] --END-- [ RunTime:0.002000s ]
INFO: [ app_begin ] --START--
INFO: Run Behavior\ReadHtmlCacheBehavior [ RunTime:0.003000s ]
INFO: [ app_begin ] --END-- [ RunTime:0.003000s ]
NOTIC: [2048] Declaration of Home\Model\UsersModel::check() should be compatible with Think\Model::check($value, $rule, $type = 'regex') D:\LAMP\Apache24\htdocs\homeworks\Application\Home\Model\UsersModel.class.php 第 5 行.
SQL: SHOW COLUMNS FROM `users` [ RunTime:0.0160s ]
SQL: SHOW COLUMNS FROM `passwords` [ RunTime:0.0190s ]
SQL: SELECT COUNT(*) AS tp_count FROM `passwords` WHERE `uid` = 1 LIMIT 1   [ RunTime:0.0000s ]
SQL: SHOW COLUMNS FROM `types` [ RunTime:0.0190s ]
SQL: SELECT * FROM `types`  [ RunTime:0.0020s ]
INFO: [ view_parse ] --START--
INFO: [ template_filter ] --START--
INFO: Run Behavior\ContentReplaceBehavior [ RunTime:0.000000s ]
INFO: [ template_filter ] --END-- [ RunTime:0.000000s ]
INFO: Run Behavior\ParseTemplateBehavior [ RunTime:0.035002s ]
INFO: [ view_parse ] --END-- [ RunTime:0.035002s ]
INFO: [ view_filter ] --START--
INFO: Run Behavior\WriteHtmlCacheBehavior [ RunTime:0.001000s ]
INFO: [ view_filter ] --END-- [ RunTime:0.001000s ]
INFO: [ app_end ] --START--
INFO: Run Behavior\ShowPageTraceBehavior [ RunTime:0.002000s ]
INFO: [ app_end ] --END-- [ RunTime:0.002000s ]

[ 2017-10-04T00:01:38+08:00 ] ::1 /homeworks/index.php/Home/Index/hello.html
INFO: [ app_init ] --START--
INFO: Run Behavior\BuildLiteBehavior [ RunTime:0.000000s ]
INFO: [ app_init ] --END-- [ RunTime:0.015000s ]
INFO: [ app_begin ] --START--
INFO: Run Behavior\ReadHtmlCacheBehavior [ RunTime:0.010001s ]
INFO: [ app_begin ] --END-- [ RunTime:0.010001s ]
NOTIC: [2048] Declaration of Home\Model\UsersModel::check() should be compatible with Think\Model::check($value, $rule, $type = 'regex') D:\LAMP\Apache24\htdocs\homeworks\Application\Home\Model\UsersModel.class.php 第 5 行.
SQL: SHOW COLUMNS FROM `users` [ RunTime:0.0230s ]
SQL: SHOW COLUMNS FROM `passwords` [ RunTime:0.0240s ]
SQL: SELECT COUNT(*) AS tp_count FROM `passwords` WHERE `uid` = 1 LIMIT 1   [ RunTime:0.0100s ]
INFO: [ view_parse ] --START--
INFO: [ template_filter ] --START--
INFO: Run Behavior\ContentReplaceBehavior [ RunTime:0.001000s ]
INFO: [ template_filter ] --END-- [ RunTime:0.001000s ]
INFO: Run Behavior\ParseTemplateBehavior [ RunTime:0.035002s ]
INFO: [ view_parse ] --END-- [ RunTime:0.036002s ]
INFO: [ view_filter ] --START--
INFO: Run Behavior\WriteHtmlCacheBehavior [ RunTime:0.002000s ]
INFO: [ view_filter ] --END-- [ RunTime:0.002000s ]
INFO: [ app_end ] --START--
INFO: Run Behavior\ShowPageTraceBehavior [ RunTime:0.003000s ]
INFO: [ app_end ] --END-- [ RunTime:0.004000s ]

[ 2017-10-04T00:02:08+08:00 ] ::1 /homeworks/index.php/Home/Index/index.html
INFO: [ app_init ] --START--
INFO: Run Behavior\BuildLiteBehavior [ RunTime:0.000000s ]
INFO: [ app_init ] --END-- [ RunTime:0.001000s ]
INFO: [ app_begin ] --START--
INFO: Run Behavior\ReadHtmlCacheBehavior [ RunTime:0.003000s ]
INFO: [ app_begin ] --END-- [ RunTime:0.003000s ]
NOTIC: [2048] Declaration of Home\Model\UsersModel::check() should be compatible with Think\Model::check($value, $rule, $type = 'regex') D:\LAMP\Apache24\htdocs\homeworks\Application\Home\Model\UsersModel.class.php 第 5 行.
SQL: SHOW COLUMNS FROM `users` [ RunTime:0.0140s ]
SQL: SHOW COLUMNS FROM `passwords` [ RunTime:0.0160s ]
SQL: SELECT COUNT(*) AS tp_count FROM `passwords` WHERE `uid` = 1 LIMIT 1   [ RunTime:0.0010s ]
SQL: SHOW COLUMNS FROM `types` [ RunTime:0.0160s ]
SQL: SELECT * FROM `types`  [ RunTime:0.0000s ]
INFO: [ view_parse ] --START--
INFO: [ template_filter ] --START--
INFO: Run Behavior\ContentReplaceBehavior [ RunTime:0.000000s ]
INFO: [ template_filter ] --END-- [ RunTime:0.000000s ]
INFO: Run Behavior\ParseTemplateBehavior [ RunTime:0.032002s ]
INFO: [ view_parse ] --END-- [ RunTime:0.032002s ]
INFO: [ view_filter ] --START--
INFO: Run Behavior\WriteHtmlCacheBehavior [ RunTime:0.002000s ]
INFO: [ view_filter ] --END-- [ RunTime:0.002000s ]
INFO: [ app_end ] --START--
INFO: Run Behavior\ShowPageTraceBehavior [ RunTime:0.003000s ]
INFO: [ app_end ] --END-- [ RunTime:0.003000s ]

[ 2017-10-04T00:02:09+08:00 ] ::1 /homeworks/index.php/Home/Index/hello.html
INFO: [ app_init ] --START--
INFO: Run Behavior\BuildLiteBehavior [ RunTime:0.000000s ]
INFO: [ app_init ] --END-- [ RunTime:0.003000s ]
INFO: [ app_begin ] --START--
INFO: Run Behavior\ReadHtmlCacheBehavior [ RunTime:0.004000s ]
INFO: [ app_begin ] --END-- [ RunTime:0.004000s ]
NOTIC: [2048] Declaration of Home\Model\UsersModel::check() should be compatible with Think\Model::check($value, $rule, $type = 'regex') D:\LAMP\Apache24\htdocs\homeworks\Application\Home\Model\UsersModel.class.php 第 5 行.
SQL: SHOW COLUMNS FROM `users` [ RunTime:0.0280s ]
SQL: SHOW COLUMNS FROM `passwords` [ RunTime:0.0190s ]
SQL: SELECT COUNT(*) AS tp_count FROM `passwords` WHERE `uid` = 1 LIMIT 1   [ RunTime:0.0010s ]
INFO: [ view_parse ] --START--
INFO: [ template_filter ] --START--
INFO: Run Behavior\ContentReplaceBehavior [ RunTime:0.001000s ]
INFO: [ template_filter ] --END-- [ RunTime:0.001000s ]
INFO: Run Behavior\ParseTemplateBehavior [ RunTime:0.029001s ]
INFO: [ view_parse ] --END-- [ RunTime:0.030001s ]
INFO: [ view_filter ] --START--
INFO: Run Behavior\WriteHtmlCacheBehavior [ RunTime:0.001000s ]
INFO: [ view_filter ] --END-- [ RunTime:0.002000s ]
INFO: [ app_end ] --START--
INFO: Run Behavior\ShowPageTraceBehavior [ RunTime:0.004001s ]
INFO: [ app_end ] --END-- [ RunTime:0.004001s ]

[ 2017-10-04T00:02:20+08:00 ] ::1 /homeworks/index.php/Home/Questions/qlists/tid/4.html
INFO: [ app_init ] --START--
INFO: Run Behavior\BuildLiteBehavior [ RunTime:0.000000s ]
INFO: [ app_init ] --END-- [ RunTime:0.003000s ]
INFO: [ app_begin ] --START--
INFO: Run Behavior\ReadHtmlCacheBehavior [ RunTime:0.004000s ]
INFO: [ app_begin ] --END-- [ RunTime:0.004000s ]
NOTIC: [2048] Declaration of Home\Model\UsersModel::check() should be compatible with Think\Model::check($value, $rule, $type = 'regex') D:\LAMP\Apache24\htdocs\homeworks\Application\Home\Model\UsersModel.class.php 第 5 行.
SQL: SHOW COLUMNS FROM `users` [ RunTime:0.0180s ]
SQL: SHOW COLUMNS FROM `passwords` [ RunTime:0.0210s ]
SQL: SELECT COUNT(*) AS tp_count FROM `passwords` WHERE `uid` = 1 LIMIT 1   [ RunTime:0.0010s ]
SQL: SHOW COLUMNS FROM `types` [ RunTime:0.0170s ]
SQL: SELECT * FROM `types`  [ RunTime:0.0010s ]
SQL: SHOW COLUMNS FROM `questions` [ RunTime:0.0200s ]
SQL: SELECT COUNT(*) AS tp_count FROM `questions` WHERE `typeid` = 4 LIMIT 1   [ RunTime:0.0010s ]
SQL: SELECT * FROM `questions` WHERE `typeid` = 4 ORDER BY `id` desc LIMIT 0,3   [ RunTime:0.0010s ]
SQL: SELECT * FROM `passwords` WHERE `qid` = 13 AND `uid` = 1 LIMIT 1   [ RunTime:0.0000s ]
SQL: SELECT * FROM `passwords` WHERE `qid` = 12 AND `uid` = 1 LIMIT 1   [ RunTime:0.0030s ]
SQL: SELECT * FROM `passwords` WHERE `qid` = 9 AND `uid` = 1 LIMIT 1   [ RunTime:0.0000s ]
INFO: [ view_parse ] --START--
INFO: [ template_filter ] --START--
INFO: Run Behavior\ContentReplaceBehavior [ RunTime:0.000000s ]
INFO: [ template_filter ] --END-- [ RunTime:0.001000s ]
INFO: Run Behavior\ParseTemplateBehavior [ RunTime:0.048003s ]
INFO: [ view_parse ] --END-- [ RunTime:0.048003s ]
INFO: [ view_filter ] --START--
INFO: Run Behavior\WriteHtmlCacheBehavior [ RunTime:0.001000s ]
INFO: [ view_filter ] --END-- [ RunTime:0.002000s ]
INFO: [ app_end ] --START--
INFO: Run Behavior\ShowPageTraceBehavior [ RunTime:0.004001s ]
INFO: [ app_end ] --END-- [ RunTime:0.004001s ]

[ 2017-10-04T00:02:21+08:00 ] ::1 /homeworks/index.php/Home/Index/index.html
INFO: [ app_init ] --START--
INFO: Run Behavior\BuildLiteBehavior [ RunTime:0.000000s ]
INFO: [ app_init ] --END-- [ RunTime:0.001000s ]
INFO: [ app_begin ] --START--
INFO: Run Behavior\ReadHtmlCacheBehavior [ RunTime:0.002000s ]
INFO: [ app_begin ] --END-- [ RunTime:0.002000s ]
NOTIC: [2048] Declaration of Home\Model\UsersModel::check() should be compatible with Think\Model::check($value, $rule, $type = 'regex') D:\LAMP\Apache24\htdocs\homeworks\Application\Home\Model\UsersModel.class.php 第 5 行.
SQL: SHOW COLUMNS FROM `users` [ RunTime:0.0160s ]
SQL: SHOW COLUMNS FROM `passwords` [ RunTime:0.0120s ]
SQL: SELECT COUNT(*) AS tp_count FROM `passwords` WHERE `uid` = 1 LIMIT 1   [ RunTime:0.0010s ]
SQL: SHOW COLUMNS FROM `types` [ RunTime:0.0120s ]
SQL: SELECT * FROM `types`  [ RunTime:0.0010s ]
INFO: [ view_parse ] --START--
INFO: [ template_filter ] --START--
INFO: Run Behavior\ContentReplaceBehavior [ RunTime:0.001000s ]
INFO: [ template_filter ] --END-- [ RunTime:0.001000s ]
INFO: Run Behavior\ParseTemplateBehavior [ RunTime:0.026001s ]
INFO: [ view_parse ] --END-- [ RunTime:0.026001s ]
INFO: [ view_filter ] --START--
INFO: Run Behavior\WriteHtmlCacheBehavior [ RunTime:0.001000s ]
INFO: [ view_filter ] --END-- [ RunTime:0.001000s ]
INFO: [ app_end ] --START--
INFO: Run Behavior\ShowPageTraceBehavior [ RunTime:0.002001s ]
INFO: [ app_end ] --END-- [ RunTime:0.002001s ]

[ 2017-10-04T00:02:22+08:00 ] ::1 /homeworks/index.php/Home/Index/hello.html
INFO: [ app_init ] --START--
INFO: Run Behavior\BuildLiteBehavior [ RunTime:0.000000s ]
INFO: [ app_init ] --END-- [ RunTime:0.001000s ]
INFO: [ app_begin ] --START--
INFO: Run Behavior\ReadHtmlCacheBehavior [ RunTime:0.008000s ]
INFO: [ app_begin ] --END-- [ RunTime:0.008000s ]
NOTIC: [2048] Declaration of Home\Model\UsersModel::check() should be compatible with Think\Model::check($value, $rule, $type = 'regex') D:\LAMP\Apache24\htdocs\homeworks\Application\Home\Model\UsersModel.class.php 第 5 行.
SQL: SHOW COLUMNS FROM `users` [ RunTime:0.0410s ]
SQL: SHOW COLUMNS FROM `passwords` [ RunTime:0.0520s ]
SQL: SELECT COUNT(*) AS tp_count FROM `passwords` WHERE `uid` = 1 LIMIT 1   [ RunTime:0.0010s ]
INFO: [ view_parse ] --START--
INFO: [ template_filter ] --START--
INFO: Run Behavior\ContentReplaceBehavior [ RunTime:0.000000s ]
INFO: [ template_filter ] --END-- [ RunTime:0.000000s ]
INFO: Run Behavior\ParseTemplateBehavior [ RunTime:0.034002s ]
INFO: [ view_parse ] --END-- [ RunTime:0.034002s ]
INFO: [ view_filter ] --START--
INFO: Run Behavior\WriteHtmlCacheBehavior [ RunTime:0.001000s ]
INFO: [ view_filter ] --END-- [ RunTime:0.001000s ]
INFO: [ app_end ] --START--
INFO: Run Behavior\ShowPageTraceBehavior [ RunTime:0.002000s ]
INFO: [ app_end ] --END-- [ RunTime:0.003000s ]

[ 2017-10-04T00:03:18+08:00 ] ::1 /homeworks/index.php/Home/Questions/qlists/tid/4.html
INFO: [ app_init ] --START--
INFO: Run Behavior\BuildLiteBehavior [ RunTime:0.000000s ]
INFO: [ app_init ] --END-- [ RunTime:0.002000s ]
INFO: [ app_begin ] --START--
INFO: Run Behavior\ReadHtmlCacheBehavior [ RunTime:0.004000s ]
INFO: [ app_begin ] --END-- [ RunTime:0.004000s ]
NOTIC: [2048] Declaration of Home\Model\UsersModel::check() should be compatible with Think\Model::check($value, $rule, $type = 'regex') D:\LAMP\Apache24\htdocs\homeworks\Application\Home\Model\UsersModel.class.php 第 5 行.
SQL: SHOW COLUMNS FROM `users` [ RunTime:0.0190s ]
SQL: SHOW COLUMNS FROM `passwords` [ RunTime:0.0210s ]
SQL: SELECT COUNT(*) AS tp_count FROM `passwords` WHERE `uid` = 1 LIMIT 1   [ RunTime:0.0000s ]
SQL: SHOW COLUMNS FROM `types` [ RunTime:0.0190s ]
SQL: SELECT * FROM `types`  [ RunTime:0.0000s ]
SQL: SHOW COLUMNS FROM `questions` [ RunTime:0.0160s ]
SQL: SELECT COUNT(*) AS tp_count FROM `questions` WHERE `typeid` = 4 LIMIT 1   [ RunTime:0.0010s ]
SQL: SELECT * FROM `questions` WHERE `typeid` = 4 ORDER BY `id` desc LIMIT 0,3   [ RunTime:0.0010s ]
SQL: SELECT * FROM `passwords` WHERE `qid` = 13 AND `uid` = 1 LIMIT 1   [ RunTime:0.0020s ]
SQL: SELECT * FROM `passwords` WHERE `qid` = 12 AND `uid` = 1 LIMIT 1   [ RunTime:0.0010s ]
SQL: SELECT * FROM `passwords` WHERE `qid` = 9 AND `uid` = 1 LIMIT 1   [ RunTime:0.0010s ]
INFO: [ view_parse ] --START--
INFO: [ template_filter ] --START--
INFO: Run Behavior\ContentReplaceBehavior [ RunTime:0.000000s ]
INFO: [ template_filter ] --END-- [ RunTime:0.001000s ]
INFO: Run Behavior\ParseTemplateBehavior [ RunTime:0.048003s ]
INFO: [ view_parse ] --END-- [ RunTime:0.048003s ]
INFO: [ view_filter ] --START--
INFO: Run Behavior\WriteHtmlCacheBehavior [ RunTime:0.002000s ]
INFO: [ view_filter ] --END-- [ RunTime:0.003000s ]
INFO: [ app_end ] --START--
INFO: Run Behavior\ShowPageTraceBehavior [ RunTime:0.008001s ]
INFO: [ app_end ] --END-- [ RunTime:0.008001s ]

[ 2017-10-04T00:03:19+08:00 ] ::1 /homeworks/index.php/Home/Index/index.html
INFO: [ app_init ] --START--
INFO: Run Behavior\BuildLiteBehavior [ RunTime:0.000000s ]
INFO: [ app_init ] --END-- [ RunTime:0.002000s ]
INFO: [ app_begin ] --START--
INFO: Run Behavior\ReadHtmlCacheBehavior [ RunTime:0.003000s ]
INFO: [ app_begin ] --END-- [ RunTime:0.003000s ]
NOTIC: [2048] Declaration of Home\Model\UsersModel::check() should be compatible with Think\Model::check($value, $rule, $type = 'regex') D:\LAMP\Apache24\htdocs\homeworks\Application\Home\Model\UsersModel.class.php 第 5 行.
SQL: SHOW COLUMNS FROM `users` [ RunTime:0.0280s ]
SQL: SHOW COLUMNS FROM `passwords` [ RunTime:0.0500s ]
SQL: SELECT COUNT(*) AS tp_count FROM `passwords` WHERE `uid` = 1 LIMIT 1   [ RunTime:0.0000s ]
SQL: SHOW COLUMNS FROM `types` [ RunTime:0.0240s ]
SQL: SELECT * FROM `types`  [ RunTime:0.0000s ]
INFO: [ view_parse ] --START--
INFO: [ template_filter ] --START--
INFO: Run Behavior\ContentReplaceBehavior [ RunTime:0.001000s ]
INFO: [ template_filter ] --END-- [ RunTime:0.001000s ]
INFO: Run Behavior\ParseTemplateBehavior [ RunTime:0.045003s ]
INFO: [ view_parse ] --END-- [ RunTime:0.045003s ]
INFO: [ view_filter ] --START--
INFO: Run Behavior\WriteHtmlCacheBehavior [ RunTime:0.002000s ]
INFO: [ view_filter ] --END-- [ RunTime:0.002000s ]
INFO: [ app_end ] --START--
INFO: Run Behavior\ShowPageTraceBehavior [ RunTime:0.006000s ]
INFO: [ app_end ] --END-- [ RunTime:0.006000s ]

[ 2017-10-04T00:03:20+08:00 ] ::1 /homeworks/index.php/Home/Index/hello.html
INFO: [ app_init ] --START--
INFO: Run Behavior\BuildLiteBehavior [ RunTime:0.000000s ]
INFO: [ app_init ] --END-- [ RunTime:0.003000s ]
INFO: [ app_begin ] --START--
INFO: Run Behavior\ReadHtmlCacheBehavior [ RunTime:0.058004s ]
INFO: [ app_begin ] --END-- [ RunTime:0.059004s ]
NOTIC: [2048] Declaration of Home\Model\UsersModel::check() should be compatible with Think\Model::check($value, $rule, $type = 'regex') D:\LAMP\Apache24\htdocs\homeworks\Application\Home\Model\UsersModel.class.php 第 5 行.
SQL: SHOW COLUMNS FROM `users` [ RunTime:0.0190s ]
SQL: SHOW COLUMNS FROM `passwords` [ RunTime:0.0210s ]
SQL: SELECT COUNT(*) AS tp_count FROM `passwords` WHERE `uid` = 1 LIMIT 1   [ RunTime:0.0010s ]
INFO: [ view_parse ] --START--
INFO: [ template_filter ] --START--
INFO: Run Behavior\ContentReplaceBehavior [ RunTime:0.000000s ]
INFO: [ template_filter ] --END-- [ RunTime:0.000000s ]
INFO: Run Behavior\ParseTemplateBehavior [ RunTime:0.049003s ]
INFO: [ view_parse ] --END-- [ RunTime:0.049003s ]
INFO: [ view_filter ] --START--
INFO: Run Behavior\WriteHtmlCacheBehavior [ RunTime:0.001000s ]
INFO: [ view_filter ] --END-- [ RunTime:0.001000s ]
INFO: [ app_end ] --START--
INFO: Run Behavior\ShowPageTraceBehavior [ RunTime:0.003000s ]
INFO: [ app_end ] --END-- [ RunTime:0.003000s ]

[ 2017-10-04T00:04:31+08:00 ] ::1 /homeworks/index.php/Home/Index/index.html
INFO: [ app_init ] --START--
INFO: Run Behavior\BuildLiteBehavior [ RunTime:0.000000s ]
INFO: [ app_init ] --END-- [ RunTime:0.002000s ]
INFO: [ app_begin ] --START--
INFO: Run Behavior\ReadHtmlCacheBehavior [ RunTime:0.003000s ]
INFO: [ app_begin ] --END-- [ RunTime:0.003000s ]
NOTIC: [2048] Declaration of Home\Model\UsersModel::check() should be compatible with Think\Model::check($value, $rule, $type = 'regex') D:\LAMP\Apache24\htdocs\homeworks\Application\Home\Model\UsersModel.class.php 第 5 行.
SQL: SHOW COLUMNS FROM `users` [ RunTime:0.0170s ]
SQL: SHOW COLUMNS FROM `passwords` [ RunTime:0.0210s ]
SQL: SELECT COUNT(*) AS tp_count FROM `passwords` WHERE `uid` = 1 LIMIT 1   [ RunTime:0.0010s ]
SQL: SHOW COLUMNS FROM `types` [ RunTime:0.0150s ]
SQL: SELECT * FROM `types`  [ RunTime:0.0010s ]
INFO: [ view_parse ] --START--
INFO: [ template_filter ] --START--
INFO: Run Behavior\ContentReplaceBehavior [ RunTime:0.001000s ]
INFO: [ template_filter ] --END-- [ RunTime:0.001000s ]
INFO: Run Behavior\ParseTemplateBehavior [ RunTime:0.039002s ]
INFO: [ view_parse ] --END-- [ RunTime:0.039002s ]
INFO: [ view_filter ] --START--
INFO: Run Behavior\WriteHtmlCacheBehavior [ RunTime:0.002000s ]
INFO: [ view_filter ] --END-- [ RunTime:0.002000s ]
INFO: [ app_end ] --START--
INFO: Run Behavior\ShowPageTraceBehavior [ RunTime:0.002000s ]
INFO: [ app_end ] --END-- [ RunTime:0.002000s ]

[ 2017-10-04T00:04:31+08:00 ] ::1 /homeworks/index.php/Home/Index/hello.html
INFO: [ app_init ] --START--
INFO: Run Behavior\BuildLiteBehavior [ RunTime:0.000000s ]
INFO: [ app_init ] --END-- [ RunTime:0.004000s ]
INFO: [ app_begin ] --START--
INFO: Run Behavior\ReadHtmlCacheBehavior [ RunTime:0.003000s ]
INFO: [ app_begin ] --END-- [ RunTime:0.003000s ]
NOTIC: [2048] Declaration of Home\Model\UsersModel::check() should be compatible with Think\Model::check($value, $rule, $type = 'regex') D:\LAMP\Apache24\htdocs\homeworks\Application\Home\Model\UsersModel.class.php 第 5 行.
SQL: SHOW COLUMNS FROM `users` [ RunTime:0.0160s ]
SQL: SHOW COLUMNS FROM `passwords` [ RunTime:0.0190s ]
SQL: SELECT COUNT(*) AS tp_count FROM `passwords` WHERE `uid` = 1 LIMIT 1   [ RunTime:0.0010s ]
INFO: [ view_parse ] --START--
INFO: [ template_filter ] --START--
INFO: Run Behavior\ContentReplaceBehavior [ RunTime:0.000000s ]
INFO: [ template_filter ] --END-- [ RunTime:0.001000s ]
INFO: Run Behavior\ParseTemplateBehavior [ RunTime:0.065003s ]
INFO: [ view_parse ] --END-- [ RunTime:0.066003s ]
INFO: [ view_filter ] --START--
INFO: Run Behavior\WriteHtmlCacheBehavior [ RunTime:0.002001s ]
INFO: [ view_filter ] --END-- [ RunTime:0.002001s ]
INFO: [ app_end ] --START--
INFO: Run Behavior\ShowPageTraceBehavior [ RunTime:0.003000s ]
INFO: [ app_end ] --END-- [ RunTime:0.003000s ]

[ 2017-10-04T00:04:50+08:00 ] ::1 /homeworks/index.php/Home/Index/index.html
INFO: [ app_init ] --START--
INFO: Run Behavior\BuildLiteBehavior [ RunTime:0.000000s ]
INFO: [ app_init ] --END-- [ RunTime:0.002000s ]
INFO: [ app_begin ] --START--
INFO: Run Behavior\ReadHtmlCacheBehavior [ RunTime:0.004000s ]
INFO: [ app_begin ] --END-- [ RunTime:0.004000s ]
NOTIC: [2048] Declaration of Home\Model\UsersModel::check() should be compatible with Think\Model::check($value, $rule, $type = 'regex') D:\LAMP\Apache24\htdocs\homeworks\Application\Home\Model\UsersModel.class.php 第 5 行.
SQL: SHOW COLUMNS FROM `users` [ RunTime:0.0170s ]
SQL: SHOW COLUMNS FROM `passwords` [ RunTime:0.0210s ]
SQL: SELECT COUNT(*) AS tp_count FROM `passwords` WHERE `uid` = 1 LIMIT 1   [ RunTime:0.0010s ]
SQL: SHOW COLUMNS FROM `types` [ RunTime:0.0170s ]
SQL: SELECT * FROM `types`  [ RunTime:0.0010s ]
INFO: [ view_parse ] --START--
INFO: [ template_filter ] --START--
INFO: Run Behavior\ContentReplaceBehavior [ RunTime:0.000000s ]
INFO: [ template_filter ] --END-- [ RunTime:0.000000s ]
INFO: Run Behavior\ParseTemplateBehavior [ RunTime:0.036002s ]
INFO: [ view_parse ] --END-- [ RunTime:0.036002s ]
INFO: [ view_filter ] --START--
INFO: Run Behavior\WriteHtmlCacheBehavior [ RunTime:0.002000s ]
INFO: [ view_filter ] --END-- [ RunTime:0.003000s ]
INFO: [ app_end ] --START--
INFO: Run Behavior\ShowPageTraceBehavior [ RunTime:0.003000s ]
INFO: [ app_end ] --END-- [ RunTime:0.003000s ]

[ 2017-10-04T00:04:51+08:00 ] ::1 /homeworks/index.php/Home/Index/hello.html
INFO: [ app_init ] --START--
INFO: Run Behavior\BuildLiteBehavior [ RunTime:0.000000s ]
INFO: [ app_init ] --END-- [ RunTime:0.002001s ]
INFO: [ app_begin ] --START--
INFO: Run Behavior\ReadHtmlCacheBehavior [ RunTime:0.004000s ]
INFO: [ app_begin ] --END-- [ RunTime:0.006000s ]
NOTIC: [2048] Declaration of Home\Model\UsersModel::check() should be compatible with Think\Model::check($value, $rule, $type = 'regex') D:\LAMP\Apache24\htdocs\homeworks\Application\Home\Model\UsersModel.class.php 第 5 行.
SQL: SHOW COLUMNS FROM `users` [ RunTime:0.0190s ]
SQL: SHOW COLUMNS FROM `passwords` [ RunTime:0.0300s ]
SQL: SELECT COUNT(*) AS tp_count FROM `passwords` WHERE `uid` = 1 LIMIT 1   [ RunTime:0.0030s ]
INFO: [ view_parse ] --START--
INFO: [ template_filter ] --START--
INFO: Run Behavior\ContentReplaceBehavior [ RunTime:0.000000s ]
INFO: [ template_filter ] --END-- [ RunTime:0.001000s ]
INFO: Run Behavior\ParseTemplateBehavior [ RunTime:0.031002s ]
INFO: [ view_parse ] --END-- [ RunTime:0.032002s ]
INFO: [ view_filter ] --START--
INFO: Run Behavior\WriteHtmlCacheBehavior [ RunTime:0.002000s ]
INFO: [ view_filter ] --END-- [ RunTime:0.002000s ]
INFO: [ app_end ] --START--
INFO: Run Behavior\ShowPageTraceBehavior [ RunTime:0.004000s ]
INFO: [ app_end ] --END-- [ RunTime:0.004000s ]

[ 2017-10-04T00:05:21+08:00 ] ::1 /homeworks/index.php/Home/Index/index.html
INFO: [ app_init ] --START--
INFO: Run Behavior\BuildLiteBehavior [ RunTime:0.000000s ]
INFO: [ app_init ] --END-- [ RunTime:0.002000s ]
INFO: [ app_begin ] --START--
INFO: Run Behavior\ReadHtmlCacheBehavior [ RunTime:0.003000s ]
INFO: [ app_begin ] --END-- [ RunTime:0.003000s ]
NOTIC: [2048] Declaration of Home\Model\UsersModel::check() should be compatible with Think\Model::check($value, $rule, $type = 'regex') D:\LAMP\Apache24\htdocs\homeworks\Application\Home\Model\UsersModel.class.php 第 5 行.
SQL: SHOW COLUMNS FROM `users` [ RunTime:0.0190s ]
SQL: SHOW COLUMNS FROM `passwords` [ RunTime:0.0170s ]
SQL: SELECT COUNT(*) AS tp_count FROM `passwords` WHERE `uid` = 1 LIMIT 1   [ RunTime:0.0010s ]
SQL: SHOW COLUMNS FROM `types` [ RunTime:0.0180s ]
SQL: SELECT * FROM `types`  [ RunTime:0.0010s ]
INFO: [ view_parse ] --START--
INFO: [ template_filter ] --START--
INFO: Run Behavior\ContentReplaceBehavior [ RunTime:0.001000s ]
INFO: [ template_filter ] --END-- [ RunTime:0.001000s ]
INFO: Run Behavior\ParseTemplateBehavior [ RunTime:0.029002s ]
INFO: [ view_parse ] --END-- [ RunTime:0.029002s ]
INFO: [ view_filter ] --START--
INFO: Run Behavior\WriteHtmlCacheBehavior [ RunTime:0.001000s ]
INFO: [ view_filter ] --END-- [ RunTime:0.001000s ]
INFO: [ app_end ] --START--
INFO: Run Behavior\ShowPageTraceBehavior [ RunTime:0.003000s ]
INFO: [ app_end ] --END-- [ RunTime:0.003000s ]

[ 2017-10-04T00:05:22+08:00 ] ::1 /homeworks/index.php/Home/Index/hello.html
INFO: [ app_init ] --START--
INFO: Run Behavior\BuildLiteBehavior [ RunTime:0.000000s ]
INFO: [ app_init ] --END-- [ RunTime:0.001000s ]
INFO: [ app_begin ] --START--
INFO: Run Behavior\ReadHtmlCacheBehavior [ RunTime:0.005001s ]
INFO: [ app_begin ] --END-- [ RunTime:0.005001s ]
NOTIC: [2048] Declaration of Home\Model\UsersModel::check() should be compatible with Think\Model::check($value, $rule, $type = 'regex') D:\LAMP\Apache24\htdocs\homeworks\Application\Home\Model\UsersModel.class.php 第 5 行.
SQL: SHOW COLUMNS FROM `users` [ RunTime:0.0400s ]
SQL: SHOW COLUMNS FROM `passwords` [ RunTime:0.0270s ]
SQL: SELECT COUNT(*) AS tp_count FROM `passwords` WHERE `uid` = 1 LIMIT 1   [ RunTime:0.0010s ]
INFO: [ view_parse ] --START--
INFO: [ template_filter ] --START--
INFO: Run Behavior\ContentReplaceBehavior [ RunTime:0.000000s ]
INFO: [ template_filter ] --END-- [ RunTime:0.000000s ]
INFO: Run Behavior\ParseTemplateBehavior [ RunTime:0.056003s ]
INFO: [ view_parse ] --END-- [ RunTime:0.057003s ]
INFO: [ view_filter ] --START--
INFO: Run Behavior\WriteHtmlCacheBehavior [ RunTime:0.004000s ]
INFO: [ view_filter ] --END-- [ RunTime:0.004000s ]
INFO: [ app_end ] --START--
INFO: Run Behavior\ShowPageTraceBehavior [ RunTime:0.004000s ]
INFO: [ app_end ] --END-- [ RunTime:0.004000s ]

[ 2017-10-04T00:05:45+08:00 ] ::1 /homeworks/index.php/Home/Index/index.html
INFO: [ app_init ] --START--
INFO: Run Behavior\BuildLiteBehavior [ RunTime:0.000000s ]
INFO: [ app_init ] --END-- [ RunTime:0.003000s ]
INFO: [ app_begin ] --START--
INFO: Run Behavior\ReadHtmlCacheBehavior [ RunTime:0.003000s ]
INFO: [ app_begin ] --END-- [ RunTime:0.004000s ]
NOTIC: [2048] Declaration of Home\Model\UsersModel::check() should be compatible with Think\Model::check($value, $rule, $type = 'regex') D:\LAMP\Apache24\htdocs\homeworks\Application\Home\Model\UsersModel.class.php 第 5 行.
SQL: SHOW COLUMNS FROM `users` [ RunTime:0.0160s ]
SQL: SHOW COLUMNS FROM `passwords` [ RunTime:0.0190s ]
SQL: SELECT COUNT(*) AS tp_count FROM `passwords` WHERE `uid` = 1 LIMIT 1   [ RunTime:0.0010s ]
SQL: SHOW COLUMNS FROM `types` [ RunTime:0.0150s ]
SQL: SELECT * FROM `types`  [ RunTime:0.0010s ]
INFO: [ view_parse ] --START--
INFO: [ template_filter ] --START--
INFO: Run Behavior\ContentReplaceBehavior [ RunTime:0.000000s ]
INFO: [ template_filter ] --END-- [ RunTime:0.000000s ]
INFO: Run Behavior\ParseTemplateBehavior [ RunTime:0.035003s ]
INFO: [ view_parse ] --END-- [ RunTime:0.035003s ]
INFO: [ view_filter ] --START--
INFO: Run Behavior\WriteHtmlCacheBehavior [ RunTime:0.002000s ]
INFO: [ view_filter ] --END-- [ RunTime:0.002000s ]
INFO: [ app_end ] --START--
INFO: Run Behavior\ShowPageTraceBehavior [ RunTime:0.004000s ]
INFO: [ app_end ] --END-- [ RunTime:0.004000s ]

[ 2017-10-04T00:05:46+08:00 ] ::1 /homeworks/index.php/Home/Index/hello.html
INFO: [ app_init ] --START--
INFO: Run Behavior\BuildLiteBehavior [ RunTime:0.000000s ]
INFO: [ app_init ] --END-- [ RunTime:0.002000s ]
INFO: [ app_begin ] --START--
INFO: Run Behavior\ReadHtmlCacheBehavior [ RunTime:0.005000s ]
INFO: [ app_begin ] --END-- [ RunTime:0.005000s ]
NOTIC: [2048] Declaration of Home\Model\UsersModel::check() should be compatible with Think\Model::check($value, $rule, $type = 'regex') D:\LAMP\Apache24\htdocs\homeworks\Application\Home\Model\UsersModel.class.php 第 5 行.
SQL: SHOW COLUMNS FROM `users` [ RunTime:0.0170s ]
SQL: SHOW COLUMNS FROM `passwords` [ RunTime:0.0220s ]
SQL: SELECT COUNT(*) AS tp_count FROM `passwords` WHERE `uid` = 1 LIMIT 1   [ RunTime:0.0010s ]
INFO: [ view_parse ] --START--
INFO: [ template_filter ] --START--
INFO: Run Behavior\ContentReplaceBehavior [ RunTime:0.000000s ]
INFO: [ template_filter ] --END-- [ RunTime:0.000000s ]
INFO: Run Behavior\ParseTemplateBehavior [ RunTime:0.048003s ]
INFO: [ view_parse ] --END-- [ RunTime:0.048003s ]
INFO: [ view_filter ] --START--
INFO: Run Behavior\WriteHtmlCacheBehavior [ RunTime:0.002000s ]
INFO: [ view_filter ] --END-- [ RunTime:0.003000s ]
INFO: [ app_end ] --START--
INFO: Run Behavior\ShowPageTraceBehavior [ RunTime:0.004001s ]
INFO: [ app_end ] --END-- [ RunTime:0.004001s ]

[ 2017-10-04T00:06:02+08:00 ] ::1 /homeworks/index.php/Home/Questions/qlists/tid/4.html
INFO: [ app_init ] --START--
INFO: Run Behavior\BuildLiteBehavior [ RunTime:0.000000s ]
INFO: [ app_init ] --END-- [ RunTime:0.001000s ]
INFO: [ app_begin ] --START--
INFO: Run Behavior\ReadHtmlCacheBehavior [ RunTime:0.002000s ]
INFO: [ app_begin ] --END-- [ RunTime:0.003000s ]
NOTIC: [2048] Declaration of Home\Model\UsersModel::check() should be compatible with Think\Model::check($value, $rule, $type = 'regex') D:\LAMP\Apache24\htdocs\homeworks\Application\Home\Model\UsersModel.class.php 第 5 行.
SQL: SHOW COLUMNS FROM `users` [ RunTime:0.0190s ]
SQL: SHOW COLUMNS FROM `passwords` [ RunTime:0.0190s ]
SQL: SELECT COUNT(*) AS tp_count FROM `passwords` WHERE `uid` = 1 LIMIT 1   [ RunTime:0.0010s ]
SQL: SHOW COLUMNS FROM `types` [ RunTime:0.0170s ]
SQL: SELECT * FROM `types`  [ RunTime:0.0010s ]
SQL: SHOW COLUMNS FROM `questions` [ RunTime:0.0190s ]
SQL: SELECT COUNT(*) AS tp_count FROM `questions` WHERE `typeid` = 4 LIMIT 1   [ RunTime:0.0010s ]
SQL: SELECT * FROM `questions` WHERE `typeid` = 4 ORDER BY `id` desc LIMIT 0,3   [ RunTime:0.0020s ]
SQL: SELECT * FROM `passwords` WHERE `qid` = 13 AND `uid` = 1 LIMIT 1   [ RunTime:0.0010s ]
SQL: SELECT * FROM `passwords` WHERE `qid` = 12 AND `uid` = 1 LIMIT 1   [ RunTime:0.0000s ]
SQL: SELECT * FROM `passwords` WHERE `qid` = 9 AND `uid` = 1 LIMIT 1   [ RunTime:0.0010s ]
INFO: [ view_parse ] --START--
INFO: [ template_filter ] --START--
INFO: Run Behavior\ContentReplaceBehavior [ RunTime:0.001000s ]
INFO: [ template_filter ] --END-- [ RunTime:0.001000s ]
INFO: Run Behavior\ParseTemplateBehavior [ RunTime:0.046003s ]
INFO: [ view_parse ] --END-- [ RunTime:0.046003s ]
INFO: [ view_filter ] --START--
INFO: Run Behavior\WriteHtmlCacheBehavior [ RunTime:0.003000s ]
INFO: [ view_filter ] --END-- [ RunTime:0.003000s ]
INFO: [ app_end ] --START--
INFO: Run Behavior\ShowPageTraceBehavior [ RunTime:0.006000s ]
INFO: [ app_end ] --END-- [ RunTime:0.006000s ]

[ 2017-10-04T00:06:06+08:00 ] ::1 /homeworks/index.php/Home/Questions/qlists/tid/5.html
INFO: [ app_init ] --START--
INFO: Run Behavior\BuildLiteBehavior [ RunTime:0.000000s ]
INFO: [ app_init ] --END-- [ RunTime:0.002001s ]
INFO: [ app_begin ] --START--
INFO: Run Behavior\ReadHtmlCacheBehavior [ RunTime:0.003000s ]
INFO: [ app_begin ] --END-- [ RunTime:0.004000s ]
NOTIC: [2048] Declaration of Home\Model\UsersModel::check() should be compatible with Think\Model::check($value, $rule, $type = 'regex') D:\LAMP\Apache24\htdocs\homeworks\Application\Home\Model\UsersModel.class.php 第 5 行.
SQL: SHOW COLUMNS FROM `users` [ RunTime:0.0190s ]
SQL: SHOW COLUMNS FROM `passwords` [ RunTime:0.0230s ]
SQL: SELECT COUNT(*) AS tp_count FROM `passwords` WHERE `uid` = 1 LIMIT 1   [ RunTime:0.0000s ]
SQL: SHOW COLUMNS FROM `types` [ RunTime:0.0200s ]
SQL: SELECT * FROM `types`  [ RunTime:0.0000s ]
SQL: SHOW COLUMNS FROM `questions` [ RunTime:0.0250s ]
SQL: SELECT COUNT(*) AS tp_count FROM `questions` WHERE `typeid` = 5 LIMIT 1   [ RunTime:0.0010s ]
SQL: SELECT * FROM `questions` WHERE `typeid` = 5 ORDER BY `id` desc LIMIT 0,3   [ RunTime:0.0010s ]
SQL: SELECT * FROM `passwords` WHERE `qid` = 11 AND `uid` = 1 LIMIT 1   [ RunTime:0.0000s ]
INFO: [ view_parse ] --START--
INFO: [ template_filter ] --START--
INFO: Run Behavior\ContentReplaceBehavior [ RunTime:0.001000s ]
INFO: [ template_filter ] --END-- [ RunTime:0.001000s ]
INFO: Run Behavior\ParseTemplateBehavior [ RunTime:0.056003s ]
INFO: [ view_parse ] --END-- [ RunTime:0.056003s ]
INFO: [ view_filter ] --START--
INFO: Run Behavior\WriteHtmlCacheBehavior [ RunTime:0.002000s ]
INFO: [ view_filter ] --END-- [ RunTime:0.002000s ]
INFO: [ app_end ] --START--
INFO: Run Behavior\ShowPageTraceBehavior [ RunTime:0.002000s ]
INFO: [ app_end ] --END-- [ RunTime:0.003000s ]

[ 2017-10-04T00:06:08+08:00 ] ::1 /homeworks/index.php/Home/Questions/qlists/tid/6.html
INFO: [ app_init ] --START--
INFO: Run Behavior\BuildLiteBehavior [ RunTime:0.000000s ]
INFO: [ app_init ] --END-- [ RunTime:0.003000s ]
INFO: [ app_begin ] --START--
INFO: Run Behavior\ReadHtmlCacheBehavior [ RunTime:0.010000s ]
INFO: [ app_begin ] --END-- [ RunTime:0.010000s ]
NOTIC: [2048] Declaration of Home\Model\UsersModel::check() should be compatible with Think\Model::check($value, $rule, $type = 'regex') D:\LAMP\Apache24\htdocs\homeworks\Application\Home\Model\UsersModel.class.php 第 5 行.
SQL: SHOW COLUMNS FROM `users` [ RunTime:0.0310s ]
SQL: SHOW COLUMNS FROM `passwords` [ RunTime:0.0440s ]
SQL: SELECT COUNT(*) AS tp_count FROM `passwords` WHERE `uid` = 1 LIMIT 1   [ RunTime:0.0020s ]
SQL: SHOW COLUMNS FROM `types` [ RunTime:0.0300s ]
SQL: SELECT * FROM `types`  [ RunTime:0.0010s ]
SQL: SHOW COLUMNS FROM `questions` [ RunTime:0.0220s ]
SQL: SELECT COUNT(*) AS tp_count FROM `questions` WHERE `typeid` = 6 LIMIT 1   [ RunTime:0.0030s ]
SQL: SELECT * FROM `questions` WHERE `typeid` = 6 ORDER BY `id` desc LIMIT 0,3   [ RunTime:0.0010s ]
SQL: SELECT * FROM `passwords` WHERE `qid` = 10 AND `uid` = 1 LIMIT 1   [ RunTime:0.0010s ]
INFO: [ view_parse ] --START--
INFO: [ template_filter ] --START--
INFO: Run Behavior\ContentReplaceBehavior [ RunTime:0.000000s ]
INFO: [ template_filter ] --END-- [ RunTime:0.000000s ]
INFO: Run Behavior\ParseTemplateBehavior [ RunTime:0.055003s ]
INFO: [ view_parse ] --END-- [ RunTime:0.055003s ]
INFO: [ view_filter ] --START--
INFO: Run Behavior\WriteHtmlCacheBehavior [ RunTime:0.002000s ]
INFO: [ view_filter ] --END-- [ RunTime:0.002000s ]
INFO: [ app_end ] --START--
INFO: Run Behavior\ShowPageTraceBehavior [ RunTime:0.002000s ]
INFO: [ app_end ] --END-- [ RunTime:0.002000s ]

[ 2017-10-04T00:06:10+08:00 ] ::1 /homeworks/index.php/Home/Questions/qlists/tid/5.html
INFO: [ app_init ] --START--
INFO: Run Behavior\BuildLiteBehavior [ RunTime:0.000000s ]
INFO: [ app_init ] --END-- [ RunTime:0.002000s ]
INFO: [ app_begin ] --START--
INFO: Run Behavior\ReadHtmlCacheBehavior [ RunTime:0.004000s ]
INFO: [ app_begin ] --END-- [ RunTime:0.004000s ]
NOTIC: [2048] Declaration of Home\Model\UsersModel::check() should be compatible with Think\Model::check($value, $rule, $type = 'regex') D:\LAMP\Apache24\htdocs\homeworks\Application\Home\Model\UsersModel.class.php 第 5 行.
SQL: SHOW COLUMNS FROM `users` [ RunTime:0.0210s ]
SQL: SHOW COLUMNS FROM `passwords` [ RunTime:0.0240s ]
SQL: SELECT COUNT(*) AS tp_count FROM `passwords` WHERE `uid` = 1 LIMIT 1   [ RunTime:0.0030s ]
SQL: SHOW COLUMNS FROM `types` [ RunTime:0.0200s ]
SQL: SELECT * FROM `types`  [ RunTime:0.0010s ]
SQL: SHOW COLUMNS FROM `questions` [ RunTime:0.0220s ]
SQL: SELECT COUNT(*) AS tp_count FROM `questions` WHERE `typeid` = 5 LIMIT 1   [ RunTime:0.0010s ]
SQL: SELECT * FROM `questions` WHERE `typeid` = 5 ORDER BY `id` desc LIMIT 0,3   [ RunTime:0.0020s ]
SQL: SELECT * FROM `passwords` WHERE `qid` = 11 AND `uid` = 1 LIMIT 1   [ RunTime:0.0020s ]
INFO: [ view_parse ] --START--
INFO: [ template_filter ] --START--
INFO: Run Behavior\ContentReplaceBehavior [ RunTime:0.000000s ]
INFO: [ template_filter ] --END-- [ RunTime:0.000000s ]
INFO: Run Behavior\ParseTemplateBehavior [ RunTime:0.059003s ]
INFO: [ view_parse ] --END-- [ RunTime:0.059003s ]
INFO: [ view_filter ] --START--
INFO: Run Behavior\WriteHtmlCacheBehavior [ RunTime:0.004000s ]
INFO: [ view_filter ] --END-- [ RunTime:0.005000s ]
INFO: [ app_end ] --START--
INFO: Run Behavior\ShowPageTraceBehavior [ RunTime:0.003001s ]
INFO: [ app_end ] --END-- [ RunTime:0.003001s ]

[ 2017-10-04T00:06:11+08:00 ] ::1 /homeworks/index.php/Home/Questions/qlists/tid/4.html
INFO: [ app_init ] --START--
INFO: Run Behavior\BuildLiteBehavior [ RunTime:0.000000s ]
INFO: [ app_init ] --END-- [ RunTime:0.002000s ]
INFO: [ app_begin ] --START--
INFO: Run Behavior\ReadHtmlCacheBehavior [ RunTime:0.002000s ]
INFO: [ app_begin ] --END-- [ RunTime:0.003000s ]
NOTIC: [2048] Declaration of Home\Model\UsersModel::check() should be compatible with Think\Model::check($value, $rule, $type = 'regex') D:\LAMP\Apache24\htdocs\homeworks\Application\Home\Model\UsersModel.class.php 第 5 行.
SQL: SHOW COLUMNS FROM `users` [ RunTime:0.0230s ]
SQL: SHOW COLUMNS FROM `passwords` [ RunTime:0.0390s ]
SQL: SELECT COUNT(*) AS tp_count FROM `passwords` WHERE `uid` = 1 LIMIT 1   [ RunTime:0.0010s ]
SQL: SHOW COLUMNS FROM `types` [ RunTime:0.0310s ]
SQL: SELECT * FROM `types`  [ RunTime:0.0010s ]
SQL: SHOW COLUMNS FROM `questions` [ RunTime:0.0280s ]
SQL: SELECT COUNT(*) AS tp_count FROM `questions` WHERE `typeid` = 4 LIMIT 1   [ RunTime:0.0010s ]
SQL: SELECT * FROM `questions` WHERE `typeid` = 4 ORDER BY `id` desc LIMIT 0,3   [ RunTime:0.0010s ]
SQL: SELECT * FROM `passwords` WHERE `qid` = 13 AND `uid` = 1 LIMIT 1   [ RunTime:0.0010s ]
SQL: SELECT * FROM `passwords` WHERE `qid` = 12 AND `uid` = 1 LIMIT 1   [ RunTime:0.0010s ]
SQL: SELECT * FROM `passwords` WHERE `qid` = 9 AND `uid` = 1 LIMIT 1   [ RunTime:0.0110s ]
INFO: [ view_parse ] --START--
INFO: [ template_filter ] --START--
INFO: Run Behavior\ContentReplaceBehavior [ RunTime:0.000000s ]
INFO: [ template_filter ] --END-- [ RunTime:0.001000s ]
INFO: Run Behavior\ParseTemplateBehavior [ RunTime:0.074004s ]
INFO: [ view_parse ] --END-- [ RunTime:0.075005s ]
INFO: [ view_filter ] --START--
INFO: Run Behavior\WriteHtmlCacheBehavior [ RunTime:0.002000s ]
INFO: [ view_filter ] --END-- [ RunTime:0.002000s ]
INFO: [ app_end ] --START--
INFO: Run Behavior\ShowPageTraceBehavior [ RunTime:0.006000s ]
INFO: [ app_end ] --END-- [ RunTime:0.007000s ]

